<?xml version="1.0" encoding="UTF-8"?>
<!-- Generated by org.testng.reporters.JUnitXMLReporter -->
<testsuite hostname="Luiss-MacBook-Pro.local" ignored="9" name="Chrome Test" tests="1" failures="0" timestamp="17 Mar 2020 01:46:48 GMT" time="5.217" errors="0">
  <testcase name="Login_with_a_valid_user" time="1.822" classname="testSauceDemo.TestPage"/>
  <testcase name="Logout_from_products_page" time="0.0" classname="testSauceDemo.TestPage">
    <ignored/>
  </testcase> <!-- Logout_from_products_page -->
  <testcase name="Navigate_to_the_shopping_cart" time="0.0" classname="testSauceDemo.TestPage">
    <ignored/>
  </testcase> <!-- Navigate_to_the_shopping_cart -->
  <testcase name="Final_order_items" time="0.0" classname="testSauceDemo.TestPage">
    <ignored/>
  </testcase> <!-- Final_order_items -->
  <testcase name="Add_multiple_item_to_the_shopping_cart" time="0.0" classname="testSauceDemo.TestPage">
    <ignored/>
  </testcase> <!-- Add_multiple_item_to_the_shopping_cart -->
  <testcase name="Continue_with_missing_mail_information" time="0.0" classname="testSauceDemo.TestPage">
    <ignored/>
  </testcase> <!-- Continue_with_missing_mail_information -->
  <testcase name="Fill_users_information" time="0.0" classname="testSauceDemo.TestPage">
    <ignored/>
  </testcase> <!-- Fill_users_information -->
  <testcase name="Complete_a_purchase" time="0.0" classname="testSauceDemo.TestPage">
    <ignored/>
  </testcase> <!-- Complete_a_purchase -->
  <testcase name="Add_a_single_item_to_the_shopping_cart" time="0.0" classname="testSauceDemo.TestPage">
    <ignored/>
  </testcase> <!-- Add_a_single_item_to_the_shopping_cart -->
  <testcase name="Login_with_a_invalid_user" time="0.0" classname="testSauceDemo.TestPage">
    <ignored/>
  </testcase> <!-- Login_with_a_invalid_user -->
</testsuite> <!-- Chrome Test -->
