<?xml version="1.0" encoding="UTF-8"?>
<!-- Generated by org.testng.reporters.JUnitXMLReporter -->
<testsuite hostname="Luiss-MacBook-Pro.local" ignored="4" name="Test" tests="6" failures="0" timestamp="17 Mar 2020 01:31:36 GMT" time="15.758" errors="0">
  <testcase name="Login_with_a_valid_user" time="6.432" classname="testSauceDemo.TestPage"/>
  <testcase name="Add_multiple_item_to_the_shopping_cart" time="0.747" classname="testSauceDemo.TestPage"/>
  <testcase name="Continue_with_missing_mail_information" time="0.702" classname="testSauceDemo.TestPage"/>
  <testcase name="Fill_users_information" time="0.345" classname="testSauceDemo.TestPage"/>
  <testcase name="Final_order_items" time="0.04" classname="testSauceDemo.TestPage"/>
  <testcase name="Complete_a_purchase" time="0.379" classname="testSauceDemo.TestPage"/>
  <testcase name="Logout_from_products_page" time="0.0" classname="testSauceDemo.TestPage">
    <ignored/>
  </testcase> <!-- Logout_from_products_page -->
  <testcase name="Navigate_to_the_shopping_cart" time="0.0" classname="testSauceDemo.TestPage">
    <ignored/>
  </testcase> <!-- Navigate_to_the_shopping_cart -->
  <testcase name="Add_a_single_item_to_the_shopping_cart" time="0.0" classname="testSauceDemo.TestPage">
    <ignored/>
  </testcase> <!-- Add_a_single_item_to_the_shopping_cart -->
  <testcase name="Login_with_a_invalid_user" time="0.0" classname="testSauceDemo.TestPage">
    <ignored/>
  </testcase> <!-- Login_with_a_invalid_user -->
</testsuite> <!-- Test -->
