<?xml version="1.0" encoding="UTF-8"?>
<testng-results skipped="0" failed="0" ignored="18" total="20" passed="2">
  <reporter-output>
  </reporter-output>
  <suite name="Test_Sauce_Demo" duration-ms="9313" started-at="2020-03-17T01:46:42Z" finished-at="2020-03-17T01:46:51Z">
    <groups>
    </groups>
    <test name="Chrome Test" duration-ms="5217" started-at="2020-03-17T01:46:42Z" finished-at="2020-03-17T01:46:47Z">
      <class name="testSauceDemo.TestPage">
        <test-method status="PASS" signature="browser(java.lang.String)[pri:0, instance:testSauceDemo.TestPage@343f4d3d]" name="browser" is-config="true" duration-ms="2451" started-at="2020-03-17T01:46:42Z" finished-at="2020-03-17T01:46:45Z">
          <params>
            <param index="0">
              <value>
                <![CDATA[chrome]]>
              </value>
            </param>
          </params>
          <reporter-output>
          </reporter-output>
        </test-method> <!-- browser -->
        <test-method status="PASS" signature="setup()[pri:0, instance:testSauceDemo.TestPage@343f4d3d]" name="setup" is-config="true" duration-ms="923" started-at="2020-03-17T01:46:45Z" finished-at="2020-03-17T01:46:46Z">
          <reporter-output>
          </reporter-output>
        </test-method> <!-- setup -->
        <test-method status="PASS" signature="Login_with_a_valid_user()[pri:0, instance:testSauceDemo.TestPage@343f4d3d]" name="Login_with_a_valid_user" duration-ms="1822" started-at="2020-03-17T01:46:46Z" finished-at="2020-03-17T01:46:47Z">
          <reporter-output>
          </reporter-output>
        </test-method> <!-- Login_with_a_valid_user -->
      </class> <!-- testSauceDemo.TestPage -->
    </test> <!-- Chrome Test -->
    <test name="Firefox Test" duration-ms="9313" started-at="2020-03-17T01:46:42Z" finished-at="2020-03-17T01:46:51Z">
      <class name="testSauceDemo.TestPage">
        <test-method status="PASS" signature="browser(java.lang.String)[pri:0, instance:testSauceDemo.TestPage@d8355a8]" name="browser" is-config="true" duration-ms="6567" started-at="2020-03-17T01:46:42Z" finished-at="2020-03-17T01:46:49Z">
          <params>
            <param index="0">
              <value>
                <![CDATA[firefox]]>
              </value>
            </param>
          </params>
          <reporter-output>
          </reporter-output>
        </test-method> <!-- browser -->
        <test-method status="PASS" signature="setup()[pri:0, instance:testSauceDemo.TestPage@d8355a8]" name="setup" is-config="true" duration-ms="1715" started-at="2020-03-17T01:46:49Z" finished-at="2020-03-17T01:46:50Z">
          <reporter-output>
          </reporter-output>
        </test-method> <!-- setup -->
        <test-method status="PASS" signature="Login_with_a_valid_user()[pri:0, instance:testSauceDemo.TestPage@d8355a8]" name="Login_with_a_valid_user" duration-ms="1027" started-at="2020-03-17T01:46:50Z" finished-at="2020-03-17T01:46:51Z">
          <reporter-output>
          </reporter-output>
        </test-method> <!-- Login_with_a_valid_user -->
      </class> <!-- testSauceDemo.TestPage -->
    </test> <!-- Firefox Test -->
  </suite> <!-- Test_Sauce_Demo -->
</testng-results>
